<!DOCTYPE html PUBLIC "-//W3C//DTD XHTML 1.1//EN" "http://www.w3.org/TR/xhtml11/DTD/xhtml11.dtd">
<html xmlns="http://www.w3.org/1999/xhtml"><head><title>TestNG Report</title><style type="text/css">table {margin-bottom:10px;border-collapse:collapse;empty-cells:show}th,td {border:1px solid #009;padding:.25em .5em}th {vertical-align:bottom}td {vertical-align:top}table a {font-weight:bold}.stripe td {background-color: #E6EBF9}.num {text-align:right}.passedodd td {background-color: #3F3}.passedeven td {background-color: #0A0}.skippedodd td {background-color: #DDD}.skippedeven td {background-color: #CCC}.failedodd td,.attn {background-color: #F33}.failedeven td,.stripe .attn {background-color: #D00}.stacktrace {white-space:pre;font-family:monospace}.totop {font-size:85%;text-align:center;border-bottom:2px solid #000}</style></head><body><table><tr><th>Test</th><th># Passed</th><th># Skipped</th><th># Failed</th><th>Time (ms)</th><th>Included Groups</th><th>Excluded Groups</th></tr><tr><th colspan="7">PROPINE Sample Automation Test Suite</th></tr><tr><td><a href="#t0">PROPINE Addition Calculator Test Cases</a></td><td class="num">16</td><td class="num">0</td><td class="num attn">20</td><td class="num">352,295</td><td></td><td></td></tr></table><table><thead><tr><th>Class</th><th>Method</th><th>Start</th><th>Time (ms)</th></tr></thead><tbody><tr><th colspan="4">PROPINE Sample Automation Test Suite</th></tr></tbody><tbody id="t0"><tr><th colspan="4">PROPINE Addition Calculator Test Cases &#8212; failed</th></tr><tr class="failedeven"><td rowspan="1">com.propine.qa.testcases.TC_FIELD_0003_VerifyFirstNumberForNonNumericValuesTest</td><td><a href="#m0">TC_FIELD_0003_verifyFirstNumberForNonNumericValuesTest</a></td><td rowspan="1">1577356106234</td><td rowspan="1">262</td></tr><tr class="failedodd"><td rowspan="1">com.propine.qa.testcases.TC_FIELD_0004_VerifySecondNumberForNonNumericValuesTest</td><td><a href="#m1">TC_FIELD_0004_verifySecondNumberForNonNumericValuesTest</a></td><td rowspan="1">1577356113252</td><td rowspan="1">3211</td></tr><tr class="failedeven"><td rowspan="1">com.propine.qa.testcases.TC_FUNC_0011_VerifyAdditionOfPositiveAndNegativeFloatNumbersTest</td><td><a href="#m2">TC_FUNC_0011_verifyAdditionOfPositiveAndNegativeFloatNumbersTest</a></td><td rowspan="1">1577356223260</td><td rowspan="1">3268</td></tr><tr class="failedodd"><td rowspan="1">com.propine.qa.testcases.TC_FUNC_0012_VerifyAdditionOfNegativeAndPositiveFloatNumbersTest</td><td><a href="#m3">TC_FUNC_0012_verifyAdditionOfNegativeAndPositiveFloatNumbersTest</a></td><td rowspan="1">1577356232636</td><td rowspan="1">3271</td></tr><tr class="failedeven"><td rowspan="1">com.propine.qa.testcases.TC_FUNC_0015_VerifyAdditionOfNegativeIntAndPositiveFloatNumbersTest</td><td><a href="#m4">TC_FUNC_0015_verifyAdditionOfNegativeIntAndPositiveFloatNumbersTest</a></td><td rowspan="1">1577356260841</td><td rowspan="1">3239</td></tr><tr class="failedodd"><td rowspan="1">com.propine.qa.testcases.TC_FUNC_0016_VerifyAdditionOfNegativeFloatAndPositiveIntNumbersTest</td><td><a href="#m5">TC_FUNC_0016_verifyAdditionOfNegativeFloatAndPositiveIntNumbersTest</a></td><td rowspan="1">1577356270130</td><td rowspan="1">3109</td></tr><tr class="failedeven"><td rowspan="1">com.propine.qa.testcases.TC_FUNC_0019_VerifyAdditionOfTwoPositiveFloatNumbersWithDiffDecimalsTest</td><td><a href="#m6">TC_FUNC_0019_verifyAdditionOfTwoPositiveFloatNumbersWithDiffDecimalsTest</a></td><td rowspan="1">1577356298167</td><td rowspan="1">3185</td></tr><tr class="failedodd"><td rowspan="1">com.propine.qa.testcases.TC_FUNC_0020_VerifyAdditionOfTwoNegativeFloatNumbersWithDiffDecimalsTest</td><td><a href="#m7">TC_FUNC_0020_verifyAdditionOfTwoNegativeFloatNumbersWithDiffDecimalsTest</a></td><td rowspan="1">1577356307610</td><td rowspan="1">3309</td></tr><tr class="failedeven"><td rowspan="1">com.propine.qa.testcases.TC_FUNC_0021_VerifyErrorMessageForNullValueForFirstNumberTest</td><td><a href="#m8">TC_FUNC_0021_verifyErrorMessageForNullValueForFirstNumberTest</a></td><td rowspan="1">1577356319027</td><td rowspan="1">2880</td></tr><tr class="failedodd"><td rowspan="1">com.propine.qa.testcases.TC_FUNC_0022_VerifyErrorMessageForNullValueForSecondNumberTest</td><td><a href="#m9">TC_FUNC_0022_verifyErrorMessageForNullValueForSecondNumberTest</a></td><td rowspan="1">1577356328010</td><td rowspan="1">3069</td></tr><tr class="failedeven"><td rowspan="1">com.propine.qa.testcases.TC_FUNC_0023_VerifyErrorMessageForNullValuesForFirstNumberAndSecondNumberTest</td><td><a href="#m10">TC_FUNC_0023_verifyErrorMessageForNullValueForSecondNumberTest</a></td><td rowspan="1">1577356337179</td><td rowspan="1">2916</td></tr><tr class="failedodd"><td rowspan="1">com.propine.qa.testcases.TC_FUNC_0024_VerifyErrorMessageForNonNumericValueForFirstNumberTest</td><td><a href="#m11">TC_FUNC_0024_verifyErrorMessageForNonNumericValueForFirstNumberTest</a></td><td rowspan="1">1577356346346</td><td rowspan="1">3156</td></tr><tr class="failedeven"><td rowspan="1">com.propine.qa.testcases.TC_FUNC_0025_VerifyErrorMessageForNonNumericValueForSecondNumberTest</td><td><a href="#m12">TC_FUNC_0025_verifyErrorMessageForNonNumericValueForSecondNumberTest</a></td><td rowspan="1">1577356355635</td><td rowspan="1">3156</td></tr><tr class="failedodd"><td rowspan="1">com.propine.qa.testcases.TC_FUNC_0026_VerifyErrorMessageForNonNumericValueForFirstNumberAndSecondNumberTest</td><td><a href="#m13">TC_FUNC_0026_verifyErrorMessageForNonNumericValueForFirstNumberAndSecondNumberTest</a></td><td rowspan="1">1577356364786</td><td rowspan="1">3291</td></tr><tr class="failedeven"><td rowspan="1">com.propine.qa.testcases.TC_FUNC_0027_VerifyErrorMessageForAlphaNumericValueForFirstNumberTest</td><td><a href="#m14">TC_FUNC_0027_verifyErrorMessageForAlphaNumericValueForFirstNumberTest</a></td><td rowspan="1">1577356374348</td><td rowspan="1">3156</td></tr><tr class="failedodd"><td rowspan="1">com.propine.qa.testcases.TC_FUNC_0028_VerifyErrorMessageForAlphaNumericValueForSecondNumberTest</td><td><a href="#m15">TC_FUNC_0028_verifyErrorMessageForAlphaNumericValueForSecondNumberTest</a></td><td rowspan="1">1577356383536</td><td rowspan="1">3106</td></tr><tr class="failedeven"><td rowspan="1">com.propine.qa.testcases.TC_FUNC_0029_VerifyErrorMessageForAlphaNumericValueForFirstNumberAndSecondNumberTest</td><td><a href="#m16">TC_FUNC_0029_verifyErrorMessageForAlphaNumericValueForFirstNumberAndSecondNumberTest</a></td><td rowspan="1">1577356392755</td><td rowspan="1">3159</td></tr><tr class="failedodd"><td rowspan="1">com.propine.qa.testcases.TC_FUNC_0030_VerifyErrorMessageForNumericValueWithSpaceForFirstNumberTest</td><td><a href="#m17">TC_FUNC_0030_verifyErrorMessageForNumericValueWithSpaceForFirstNumberTest</a></td><td rowspan="1">1577356402141</td><td rowspan="1">3082</td></tr><tr class="failedeven"><td rowspan="1">com.propine.qa.testcases.TC_FUNC_0031_VerifyErrorMessageForNumericValueWithSpaceForSecondNumberTest</td><td><a href="#m18">TC_FUNC_0031_verifyErrorMessageForNumericValueWithSpaceForSecondNumberTest</a></td><td rowspan="1">1577356411759</td><td rowspan="1">3247</td></tr><tr class="failedodd"><td rowspan="1">com.propine.qa.testcases.TC_FUNC_0032_VerifyErrorMessageForNumericValueWithSpaceForFirstNumberAndSecondNumberTest</td><td><a href="#m19">TC_FUNC_0032_verifyErrorMessageForNumericValueWithSpaceForFirstNumberAndSecondNumberTest</a></td><td rowspan="1">1577356421254</td><td rowspan="1">3832</td></tr><tr><th colspan="4">PROPINE Addition Calculator Test Cases &#8212; passed</th></tr><tr class="passedeven"><td rowspan="1">com.propine.qa.testcases.TC_FIELD_0001_VerifyFirstNumberForNumericValuesTest</td><td><a href="#m20">TC_FIELD_0001_verifyFirstNumberForNumericValuesTest</a></td><td rowspan="1">1577356092223</td><td rowspan="1">238</td></tr><tr class="passedodd"><td rowspan="1">com.propine.qa.testcases.TC_FIELD_0002_VerifySecondNumberForNumericValuesTest</td><td><a href="#m21">TC_FIELD_0002_verifySecondNumberForNumericValuesTest</a></td><td rowspan="1">1577356099261</td><td rowspan="1">215</td></tr><tr class="passedeven"><td rowspan="1">com.propine.qa.testcases.TC_FUNC_0001_VerifyAdditionOfTwoPositiveIntegerNumbersTest</td><td><a href="#m22">TC_FUNC_0001_verifyAdditionOfTwoPositiveIntegerNumbersTest</a></td><td rowspan="1">1577356123223</td><td rowspan="1">3345</td></tr><tr class="passedodd"><td rowspan="1">com.propine.qa.testcases.TC_FUNC_0002_VerifyAdditionOfTwoNegativeIntegerNumbersTest</td><td><a href="#m23">TC_FUNC_0002_verifyAdditionOfTwoNegativeIntegerNumbersTest</a></td><td rowspan="1">1577356133298</td><td rowspan="1">3242</td></tr><tr class="passedeven"><td rowspan="1">com.propine.qa.testcases.TC_FUNC_0003_VerifyAdditionOfTwoZeroNumbersTest</td><td><a href="#m24">TC_FUNC_0003_verifyAdditionOfTwoZeroNumbersTest</a></td><td rowspan="1">1577356143308</td><td rowspan="1">3404</td></tr><tr class="passedodd"><td rowspan="1">com.propine.qa.testcases.TC_FUNC_0004_VerifyAdditionOfPositiveAndNegativeIntegerNumbersTest</td><td><a href="#m25">TC_FUNC_0004_verifyAdditionOfPositiveAndNegativeIntegerNumbersTest</a></td><td rowspan="1">1577356153517</td><td rowspan="1">3264</td></tr><tr class="passedeven"><td rowspan="1">com.propine.qa.testcases.TC_FUNC_0005_VerifyAdditionOfNegativeAndPositiveIntegerNumbersTest</td><td><a href="#m26">TC_FUNC_0005_verifyAdditionOfNegativeAndPositiveIntegerNumbersTest</a></td><td rowspan="1">1577356163691</td><td rowspan="1">3213</td></tr><tr class="passedodd"><td rowspan="1">com.propine.qa.testcases.TC_FUNC_0006_VerifyAdditionOfPositiveAndZeroIntegerNumbersTest</td><td><a href="#m27">TC_FUNC_0006_verifyAdditionOfPositiveAndZeroIntegerNumbersTest</a></td><td rowspan="1">1577356173672</td><td rowspan="1">3394</td></tr><tr class="passedeven"><td rowspan="1">com.propine.qa.testcases.TC_FUNC_0007_VerifyAdditionOfNegativeAndZeroIntegerNumbersTest</td><td><a href="#m28">TC_FUNC_0007_verifyAdditionOfNegativeAndZeroIntegerNumbersTest</a></td><td rowspan="1">1577356183692</td><td rowspan="1">3243</td></tr><tr class="passedodd"><td rowspan="1">com.propine.qa.testcases.TC_FUNC_0008_VerifyAdditionOfTwoZeroIntegerNumbersTest</td><td><a href="#m29">TC_FUNC_0008_verifyAdditionOfTwoZeroIntegerNumbersTest</a></td><td rowspan="1">1577356194196</td><td rowspan="1">3224</td></tr><tr class="passedeven"><td rowspan="1">com.propine.qa.testcases.TC_FUNC_0009_VerifyAdditionOfTwoPositiveFloatNumbersTest</td><td><a href="#m30">TC_FUNC_0009_verifyAdditionOfTwoPositiveFloatNumbersTest</a></td><td rowspan="1">1577356203980</td><td rowspan="1">3382</td></tr><tr class="passedodd"><td rowspan="1">com.propine.qa.testcases.TC_FUNC_0010_VerifyAdditionOfTwoNegativeFloatNumbersTest</td><td><a href="#m31">TC_FUNC_0010_verifyAdditionOfTwoNegativeFloatNumbersTest</a></td><td rowspan="1">1577356213468</td><td rowspan="1">3661</td></tr><tr class="passedeven"><td rowspan="1">com.propine.qa.testcases.TC_FUNC_0013_VerifyAdditionOfPositiveIntAndPositiveFloatNumbersTest</td><td><a href="#m32">TC_FUNC_0013_verifyAdditionOfPositiveIntAndPositiveFloatNumbersTest</a></td><td rowspan="1">1577356242112</td><td rowspan="1">3254</td></tr><tr class="passedodd"><td rowspan="1">com.propine.qa.testcases.TC_FUNC_0014_VerifyAdditionOfPositiveFloatAndPositiveIntNumbersTest</td><td><a href="#m33">TC_FUNC_0014_verifyAdditionOfPositiveFloatAndPositiveIntNumbersTest</a></td><td rowspan="1">1577356251430</td><td rowspan="1">3229</td></tr><tr class="passedeven"><td rowspan="1">com.propine.qa.testcases.TC_FUNC_0017_VerifyAdditionOfNegativeIntAndNegativeFloatNumbersTest</td><td><a href="#m34">TC_FUNC_0017_verifyAdditionOfNegativeIntAndNegativeFloatNumbersTest</a></td><td rowspan="1">1577356279442</td><td rowspan="1">3241</td></tr><tr class="passedodd"><td rowspan="1">com.propine.qa.testcases.TC_FUNC_0018_VerifyAdditionOfNegativeFloatAndNegativeIntNumbersTest</td><td><a href="#m35">TC_FUNC_0018_verifyAdditionOfNegativeFloatAndNegativeIntNumbersTest</a></td><td rowspan="1">1577356288840</td><td rowspan="1">3160</td></tr></tbody></table><h2>PROPINE Addition Calculator Test Cases</h2><h3 id="m0">com.propine.qa.testcases.TC_FIELD_0003_VerifyFirstNumberForNonNumericValuesTest#TC_FIELD_0003_verifyFirstNumberForNonNumericValuesTest</h3><table class="result"><tr class="param"><th>Parameter #1</th></tr><tr class="param stripe"><td>ab$&amp;</td></tr><tr><th>Exception</th></tr><tr><td><div class="stacktrace">java.lang.AssertionError: Field verification for Non-Numeric Values - FAILED
	at com.propine.qa.testcases.TC_FIELD_0003_VerifyFirstNumberForNonNumericValuesTest.TC_FIELD_0003_verifyFirstNumberForNonNumericValuesTest(TC_FIELD_0003_VerifyFirstNumberForNonNumericValuesTest.java:41)
... Removed 26 stack frames</div></td></tr></table><p class="totop"><a href="#summary">back to summary</a></p><h3 id="m1">com.propine.qa.testcases.TC_FIELD_0004_VerifySecondNumberForNonNumericValuesTest#TC_FIELD_0004_verifySecondNumberForNonNumericValuesTest</h3><table class="result"><tr class="param"><th>Parameter #1</th></tr><tr class="param stripe"><td>ab$&amp;</td></tr><tr><th>Exception</th></tr><tr><td><div class="stacktrace">java.lang.AssertionError: Field verification for Non-Numeric Values - FAILED
	at com.propine.qa.testcases.TC_FIELD_0004_VerifySecondNumberForNonNumericValuesTest.TC_FIELD_0004_verifySecondNumberForNonNumericValuesTest(TC_FIELD_0004_VerifySecondNumberForNonNumericValuesTest.java:41)
... Removed 26 stack frames</div></td></tr></table><p class="totop"><a href="#summary">back to summary</a></p><h3 id="m2">com.propine.qa.testcases.TC_FUNC_0011_VerifyAdditionOfPositiveAndNegativeFloatNumbersTest#TC_FUNC_0011_verifyAdditionOfPositiveAndNegativeFloatNumbersTest</h3><table class="result"><tr class="param"><th>Parameter #1</th><th>Parameter #2</th><th>Parameter #3</th></tr><tr class="param stripe"><td>10.04</td><td>-10.02</td><td>0.02</td></tr><tr><th colspan="3">Exception</th></tr><tr><td colspan="3"><div class="stacktrace">java.lang.AssertionError: Addition of positive and negative float numbers - FAILED expected [0.02] but found [0.019999999999999574]
	at com.propine.qa.testcases.TC_FUNC_0011_VerifyAdditionOfPositiveAndNegativeFloatNumbersTest.TC_FUNC_0011_verifyAdditionOfPositiveAndNegativeFloatNumbersTest(TC_FUNC_0011_VerifyAdditionOfPositiveAndNegativeFloatNumbersTest.java:41)
... Removed 28 stack frames</div></td></tr></table><p class="totop"><a href="#summary">back to summary</a></p><h3 id="m3">com.propine.qa.testcases.TC_FUNC_0012_VerifyAdditionOfNegativeAndPositiveFloatNumbersTest#TC_FUNC_0012_verifyAdditionOfNegativeAndPositiveFloatNumbersTest</h3><table class="result"><tr class="param"><th>Parameter #1</th><th>Parameter #2</th><th>Parameter #3</th></tr><tr class="param stripe"><td>-10.04</td><td>10.02</td><td>-0.02</td></tr><tr><th colspan="3">Exception</th></tr><tr><td colspan="3"><div class="stacktrace">java.lang.AssertionError: Addition of negative and positive float numbers - FAILED expected [-0.02] but found [-0.019999999999999574]
	at com.propine.qa.testcases.TC_FUNC_0012_VerifyAdditionOfNegativeAndPositiveFloatNumbersTest.TC_FUNC_0012_verifyAdditionOfNegativeAndPositiveFloatNumbersTest(TC_FUNC_0012_VerifyAdditionOfNegativeAndPositiveFloatNumbersTest.java:41)
... Removed 28 stack frames</div></td></tr></table><p class="totop"><a href="#summary">back to summary</a></p><h3 id="m4">com.propine.qa.testcases.TC_FUNC_0015_VerifyAdditionOfNegativeIntAndPositiveFloatNumbersTest#TC_FUNC_0015_verifyAdditionOfNegativeIntAndPositiveFloatNumbersTest</h3><table class="result"><tr class="param"><th>Parameter #1</th><th>Parameter #2</th><th>Parameter #3</th></tr><tr class="param stripe"><td>-10</td><td>10.02</td><td>0.02</td></tr><tr><th colspan="3">Exception</th></tr><tr><td colspan="3"><div class="stacktrace">java.lang.AssertionError: Addition of negative integer and positive float numbers - FAILED expected [0.02] but found [0.019999999999999574]
	at com.propine.qa.testcases.TC_FUNC_0015_VerifyAdditionOfNegativeIntAndPositiveFloatNumbersTest.TC_FUNC_0015_verifyAdditionOfNegativeIntAndPositiveFloatNumbersTest(TC_FUNC_0015_VerifyAdditionOfNegativeIntAndPositiveFloatNumbersTest.java:41)
... Removed 28 stack frames</div></td></tr></table><p class="totop"><a href="#summary">back to summary</a></p><h3 id="m5">com.propine.qa.testcases.TC_FUNC_0016_VerifyAdditionOfNegativeFloatAndPositiveIntNumbersTest#TC_FUNC_0016_verifyAdditionOfNegativeFloatAndPositiveIntNumbersTest</h3><table class="result"><tr class="param"><th>Parameter #1</th><th>Parameter #2</th><th>Parameter #3</th></tr><tr class="param stripe"><td>-10.015</td><td>10</td><td>-0.015</td></tr><tr><th colspan="3">Exception</th></tr><tr><td colspan="3"><div class="stacktrace">java.lang.AssertionError: Addition of negative float and positive integer numbers - FAILED expected [-0.015] but found [-0.015000000000000568]
	at com.propine.qa.testcases.TC_FUNC_0016_VerifyAdditionOfNegativeFloatAndPositiveIntNumbersTest.TC_FUNC_0016_verifyAdditionOfNegativeFloatAndPositiveIntNumbersTest(TC_FUNC_0016_VerifyAdditionOfNegativeFloatAndPositiveIntNumbersTest.java:41)
... Removed 28 stack frames</div></td></tr></table><p class="totop"><a href="#summary">back to summary</a></p><h3 id="m6">com.propine.qa.testcases.TC_FUNC_0019_VerifyAdditionOfTwoPositiveFloatNumbersWithDiffDecimalsTest#TC_FUNC_0019_verifyAdditionOfTwoPositiveFloatNumbersWithDiffDecimalsTest</h3><table class="result"><tr class="param"><th>Parameter #1</th><th>Parameter #2</th><th>Parameter #3</th></tr><tr class="param stripe"><td>2.001</td><td>4.0001</td><td>6.0011</td></tr><tr><th colspan="3">Exception</th></tr><tr><td colspan="3"><div class="stacktrace">java.lang.AssertionError: Addition of two positive float numbers with different decimals - FAILED expected [6.0011] but found [6.001099999999999]
	at com.propine.qa.testcases.TC_FUNC_0019_VerifyAdditionOfTwoPositiveFloatNumbersWithDiffDecimalsTest.TC_FUNC_0019_verifyAdditionOfTwoPositiveFloatNumbersWithDiffDecimalsTest(TC_FUNC_0019_VerifyAdditionOfTwoPositiveFloatNumbersWithDiffDecimalsTest.java:41)
... Removed 28 stack frames</div></td></tr></table><p class="totop"><a href="#summary">back to summary</a></p><h3 id="m7">com.propine.qa.testcases.TC_FUNC_0020_VerifyAdditionOfTwoNegativeFloatNumbersWithDiffDecimalsTest#TC_FUNC_0020_verifyAdditionOfTwoNegativeFloatNumbersWithDiffDecimalsTest</h3><table class="result"><tr class="param"><th>Parameter #1</th><th>Parameter #2</th><th>Parameter #3</th></tr><tr class="param stripe"><td>-12.008</td><td>-2.0002</td><td>-14.0082</td></tr><tr><th colspan="3">Exception</th></tr><tr><td colspan="3"><div class="stacktrace">java.lang.AssertionError: Addition of two positive float numbers with different decimals - FAILED expected [-14.0082] but found [-14.008199999999999]
	at com.propine.qa.testcases.TC_FUNC_0020_VerifyAdditionOfTwoNegativeFloatNumbersWithDiffDecimalsTest.TC_FUNC_0020_verifyAdditionOfTwoNegativeFloatNumbersWithDiffDecimalsTest(TC_FUNC_0020_VerifyAdditionOfTwoNegativeFloatNumbersWithDiffDecimalsTest.java:41)
... Removed 28 stack frames</div></td></tr></table><p class="totop"><a href="#summary">back to summary</a></p><h3 id="m8">com.propine.qa.testcases.TC_FUNC_0021_VerifyErrorMessageForNullValueForFirstNumberTest#TC_FUNC_0021_verifyErrorMessageForNullValueForFirstNumberTest</h3><table class="result"><tr class="param"><th>Parameter #1</th><th>Parameter #2</th></tr><tr class="param stripe"><td>10</td><td>Enter valid numeric or float value for First Number</td></tr><tr><th colspan="2">Exception</th></tr><tr><td colspan="2"><div class="stacktrace">java.lang.AssertionError: Error Message verification for null value for First Number - FAILED expected [Enter valid numeric or float value for First Number] but found [NaN]
	at com.propine.qa.testcases.TC_FUNC_0021_VerifyErrorMessageForNullValueForFirstNumberTest.TC_FUNC_0021_verifyErrorMessageForNullValueForFirstNumberTest(TC_FUNC_0021_VerifyErrorMessageForNullValueForFirstNumberTest.java:40)
... Removed 28 stack frames</div></td></tr></table><p class="totop"><a href="#summary">back to summary</a></p><h3 id="m9">com.propine.qa.testcases.TC_FUNC_0022_VerifyErrorMessageForNullValueForSecondNumberTest#TC_FUNC_0022_verifyErrorMessageForNullValueForSecondNumberTest</h3><table class="result"><tr class="param"><th>Parameter #1</th><th>Parameter #2</th></tr><tr class="param stripe"><td>10</td><td>Enter valid numeric or float value for Second Number</td></tr><tr><th colspan="2">Exception</th></tr><tr><td colspan="2"><div class="stacktrace">java.lang.AssertionError: Error Message verification for null value for Second Number - FAILED expected [Enter valid numeric or float value for Second Number] but found [NaN]
	at com.propine.qa.testcases.TC_FUNC_0022_VerifyErrorMessageForNullValueForSecondNumberTest.TC_FUNC_0022_verifyErrorMessageForNullValueForSecondNumberTest(TC_FUNC_0022_VerifyErrorMessageForNullValueForSecondNumberTest.java:40)
... Removed 28 stack frames</div></td></tr></table><p class="totop"><a href="#summary">back to summary</a></p><h3 id="m10">com.propine.qa.testcases.TC_FUNC_0023_VerifyErrorMessageForNullValuesForFirstNumberAndSecondNumberTest#TC_FUNC_0023_verifyErrorMessageForNullValueForSecondNumberTest</h3><table class="result"><tr class="param"><th>Parameter #1</th><th>Parameter #2</th></tr><tr class="param stripe"><td>Enter valid numeric or float value for First Number</td><td>Enter valid numeric or float value for Second Number</td></tr><tr><th colspan="2">Exception</th></tr><tr><td colspan="2"><div class="stacktrace">java.lang.AssertionError: Error Message verification for null value for First Number - FAILED expected [true] but found [false]
	at com.propine.qa.testcases.TC_FUNC_0023_VerifyErrorMessageForNullValuesForFirstNumberAndSecondNumberTest.TC_FUNC_0023_verifyErrorMessageForNullValueForSecondNumberTest(TC_FUNC_0023_VerifyErrorMessageForNullValuesForFirstNumberAndSecondNumberTest.java:41)
... Removed 27 stack frames</div></td></tr></table><p class="totop"><a href="#summary">back to summary</a></p><h3 id="m11">com.propine.qa.testcases.TC_FUNC_0024_VerifyErrorMessageForNonNumericValueForFirstNumberTest#TC_FUNC_0024_verifyErrorMessageForNonNumericValueForFirstNumberTest</h3><table class="result"><tr class="param"><th>Parameter #1</th><th>Parameter #2</th><th>Parameter #3</th></tr><tr class="param stripe"><td>ab#</td><td>10</td><td>Enter valid numeric or float value for First Number</td></tr><tr><th colspan="3">Exception</th></tr><tr><td colspan="3"><div class="stacktrace">java.lang.AssertionError: Error Message verification for non-numeric value for First Number - FAILED expected [Enter valid numeric or float value for First Number] but found [NaN]
	at com.propine.qa.testcases.TC_FUNC_0024_VerifyErrorMessageForNonNumericValueForFirstNumberTest.TC_FUNC_0024_verifyErrorMessageForNonNumericValueForFirstNumberTest(TC_FUNC_0024_VerifyErrorMessageForNonNumericValueForFirstNumberTest.java:40)
... Removed 28 stack frames</div></td></tr></table><p class="totop"><a href="#summary">back to summary</a></p><h3 id="m12">com.propine.qa.testcases.TC_FUNC_0025_VerifyErrorMessageForNonNumericValueForSecondNumberTest#TC_FUNC_0025_verifyErrorMessageForNonNumericValueForSecondNumberTest</h3><table class="result"><tr class="param"><th>Parameter #1</th><th>Parameter #2</th><th>Parameter #3</th></tr><tr class="param stripe"><td>10</td><td>ab#</td><td>Enter valid numeric or float value for Second Number</td></tr><tr><th colspan="3">Exception</th></tr><tr><td colspan="3"><div class="stacktrace">java.lang.AssertionError: Error Message verification for non-numeric value for Second Number - FAILED expected [Enter valid numeric or float value for Second Number] but found [NaN]
	at com.propine.qa.testcases.TC_FUNC_0025_VerifyErrorMessageForNonNumericValueForSecondNumberTest.TC_FUNC_0025_verifyErrorMessageForNonNumericValueForSecondNumberTest(TC_FUNC_0025_VerifyErrorMessageForNonNumericValueForSecondNumberTest.java:40)
... Removed 28 stack frames</div></td></tr></table><p class="totop"><a href="#summary">back to summary</a></p><h3 id="m13">com.propine.qa.testcases.TC_FUNC_0026_VerifyErrorMessageForNonNumericValueForFirstNumberAndSecondNumberTest#TC_FUNC_0026_verifyErrorMessageForNonNumericValueForFirstNumberAndSecondNumberTest</h3><table class="result"><tr class="param"><th>Parameter #1</th><th>Parameter #2</th><th>Parameter #3</th><th>Parameter #4</th></tr><tr class="param stripe"><td>ab#</td><td>ab#</td><td>Enter valid numeric or float value for First Number</td><td>Enter valid numeric or float value for Second Number</td></tr><tr><th colspan="4">Exception</th></tr><tr><td colspan="4"><div class="stacktrace">java.lang.AssertionError: Error Message verification for non-numeric value for First Number - FAILED expected [true] but found [false]
	at com.propine.qa.testcases.TC_FUNC_0026_VerifyErrorMessageForNonNumericValueForFirstNumberAndSecondNumberTest.TC_FUNC_0026_verifyErrorMessageForNonNumericValueForFirstNumberAndSecondNumberTest(TC_FUNC_0026_VerifyErrorMessageForNonNumericValueForFirstNumberAndSecondNumberTest.java:41)
... Removed 27 stack frames</div></td></tr></table><p class="totop"><a href="#summary">back to summary</a></p><h3 id="m14">com.propine.qa.testcases.TC_FUNC_0027_VerifyErrorMessageForAlphaNumericValueForFirstNumberTest#TC_FUNC_0027_verifyErrorMessageForAlphaNumericValueForFirstNumberTest</h3><table class="result"><tr class="param"><th>Parameter #1</th><th>Parameter #2</th><th>Parameter #3</th></tr><tr class="param stripe"><td>1a</td><td>10</td><td>Enter valid numeric or float value for First Number</td></tr><tr><th colspan="3">Exception</th></tr><tr><td colspan="3"><div class="stacktrace">java.lang.AssertionError: Error Message verification for alpha-numeric value for First Number - FAILED expected [Enter valid numeric or float value for First Number] but found [11]
	at com.propine.qa.testcases.TC_FUNC_0027_VerifyErrorMessageForAlphaNumericValueForFirstNumberTest.TC_FUNC_0027_verifyErrorMessageForAlphaNumericValueForFirstNumberTest(TC_FUNC_0027_VerifyErrorMessageForAlphaNumericValueForFirstNumberTest.java:40)
... Removed 28 stack frames</div></td></tr></table><p class="totop"><a href="#summary">back to summary</a></p><h3 id="m15">com.propine.qa.testcases.TC_FUNC_0028_VerifyErrorMessageForAlphaNumericValueForSecondNumberTest#TC_FUNC_0028_verifyErrorMessageForAlphaNumericValueForSecondNumberTest</h3><table class="result"><tr class="param"><th>Parameter #1</th><th>Parameter #2</th><th>Parameter #3</th></tr><tr class="param stripe"><td>10</td><td>b2</td><td>Enter valid numeric or float value for Second Number</td></tr><tr><th colspan="3">Exception</th></tr><tr><td colspan="3"><div class="stacktrace">java.lang.AssertionError: Error Message verification for alpha-numeric value for Second Number - FAILED expected [Enter valid numeric or float value for Second Number] but found [NaN]
	at com.propine.qa.testcases.TC_FUNC_0028_VerifyErrorMessageForAlphaNumericValueForSecondNumberTest.TC_FUNC_0028_verifyErrorMessageForAlphaNumericValueForSecondNumberTest(TC_FUNC_0028_VerifyErrorMessageForAlphaNumericValueForSecondNumberTest.java:40)
... Removed 28 stack frames</div></td></tr></table><p class="totop"><a href="#summary">back to summary</a></p><h3 id="m16">com.propine.qa.testcases.TC_FUNC_0029_VerifyErrorMessageForAlphaNumericValueForFirstNumberAndSecondNumberTest#TC_FUNC_0029_verifyErrorMessageForAlphaNumericValueForFirstNumberAndSecondNumberTest</h3><table class="result"><tr class="param"><th>Parameter #1</th><th>Parameter #2</th><th>Parameter #3</th><th>Parameter #4</th></tr><tr class="param stripe"><td>2a</td><td>3b</td><td>Enter valid numeric or float value for First Number</td><td>Enter valid numeric or float value for Second Number</td></tr><tr><th colspan="4">Exception</th></tr><tr><td colspan="4"><div class="stacktrace">java.lang.AssertionError: Error Message verification for alpha-numeric value for First Number - FAILED expected [true] but found [false]
	at com.propine.qa.testcases.TC_FUNC_0029_VerifyErrorMessageForAlphaNumericValueForFirstNumberAndSecondNumberTest.TC_FUNC_0029_verifyErrorMessageForAlphaNumericValueForFirstNumberAndSecondNumberTest(TC_FUNC_0029_VerifyErrorMessageForAlphaNumericValueForFirstNumberAndSecondNumberTest.java:41)
... Removed 27 stack frames</div></td></tr></table><p class="totop"><a href="#summary">back to summary</a></p><h3 id="m17">com.propine.qa.testcases.TC_FUNC_0030_VerifyErrorMessageForNumericValueWithSpaceForFirstNumberTest#TC_FUNC_0030_verifyErrorMessageForNumericValueWithSpaceForFirstNumberTest</h3><table class="result"><tr class="param"><th>Parameter #1</th><th>Parameter #2</th><th>Parameter #3</th></tr><tr class="param stripe"><td>   5  </td><td>10</td><td>Enter valid numeric or float value for First Number</td></tr><tr><th colspan="3">Exception</th></tr><tr><td colspan="3"><div class="stacktrace">java.lang.AssertionError: Error Message verification for numeric value with space for First Number - FAILED expected [Enter valid numeric or float value for First Number] but found [15]
	at com.propine.qa.testcases.TC_FUNC_0030_VerifyErrorMessageForNumericValueWithSpaceForFirstNumberTest.TC_FUNC_0030_verifyErrorMessageForNumericValueWithSpaceForFirstNumberTest(TC_FUNC_0030_VerifyErrorMessageForNumericValueWithSpaceForFirstNumberTest.java:40)
... Removed 28 stack frames</div></td></tr></table><p class="totop"><a href="#summary">back to summary</a></p><h3 id="m18">com.propine.qa.testcases.TC_FUNC_0031_VerifyErrorMessageForNumericValueWithSpaceForSecondNumberTest#TC_FUNC_0031_verifyErrorMessageForNumericValueWithSpaceForSecondNumberTest</h3><table class="result"><tr class="param"><th>Parameter #1</th><th>Parameter #2</th><th>Parameter #3</th></tr><tr class="param stripe"><td>10</td><td>    2  </td><td>Enter valid numeric or float value for Second Number</td></tr><tr><th colspan="3">Exception</th></tr><tr><td colspan="3"><div class="stacktrace">java.lang.AssertionError: Error Message verification for numeric value with space for Second Number - FAILED expected [Enter valid numeric or float value for Second Number] but found [12]
	at com.propine.qa.testcases.TC_FUNC_0031_VerifyErrorMessageForNumericValueWithSpaceForSecondNumberTest.TC_FUNC_0031_verifyErrorMessageForNumericValueWithSpaceForSecondNumberTest(TC_FUNC_0031_VerifyErrorMessageForNumericValueWithSpaceForSecondNumberTest.java:40)
... Removed 28 stack frames</div></td></tr></table><p class="totop"><a href="#summary">back to summary</a></p><h3 id="m19">com.propine.qa.testcases.TC_FUNC_0032_VerifyErrorMessageForNumericValueWithSpaceForFirstNumberAndSecondNumberTest#TC_FUNC_0032_verifyErrorMessageForNumericValueWithSpaceForFirstNumberAndSecondNumberTest</h3><table class="result"><tr class="param"><th>Parameter #1</th><th>Parameter #2</th><th>Parameter #3</th><th>Parameter #4</th></tr><tr class="param stripe"><td>     5     </td><td>     2   </td><td>Enter valid numeric or float value for First Number</td><td>Enter valid numeric or float value for Second Number</td></tr><tr><th colspan="4">Exception</th></tr><tr><td colspan="4"><div class="stacktrace">java.lang.AssertionError: Error Message verification for numeric value with space for First Number - FAILED expected [true] but found [false]
	at com.propine.qa.testcases.TC_FUNC_0032_VerifyErrorMessageForNumericValueWithSpaceForFirstNumberAndSecondNumberTest.TC_FUNC_0032_verifyErrorMessageForNumericValueWithSpaceForFirstNumberAndSecondNumberTest(TC_FUNC_0032_VerifyErrorMessageForNumericValueWithSpaceForFirstNumberAndSecondNumberTest.java:41)
... Removed 27 stack frames</div></td></tr></table><p class="totop"><a href="#summary">back to summary</a></p><h3 id="m20">com.propine.qa.testcases.TC_FIELD_0001_VerifyFirstNumberForNumericValuesTest#TC_FIELD_0001_verifyFirstNumberForNumericValuesTest</h3><table class="result"><tr class="param"><th>Parameter #1</th></tr><tr class="param stripe"><td>10.0</td></tr></table><p class="totop"><a href="#summary">back to summary</a></p><h3 id="m21">com.propine.qa.testcases.TC_FIELD_0002_VerifySecondNumberForNumericValuesTest#TC_FIELD_0002_verifySecondNumberForNumericValuesTest</h3><table class="result"><tr class="param"><th>Parameter #1</th></tr><tr class="param stripe"><td>20.0</td></tr></table><p class="totop"><a href="#summary">back to summary</a></p><h3 id="m22">com.propine.qa.testcases.TC_FUNC_0001_VerifyAdditionOfTwoPositiveIntegerNumbersTest#TC_FUNC_0001_verifyAdditionOfTwoPositiveIntegerNumbersTest</h3><table class="result"><tr class="param"><th>Parameter #1</th><th>Parameter #2</th><th>Parameter #3</th></tr><tr class="param stripe"><td>10.0</td><td>20.0</td><td>30.0</td></tr></table><p class="totop"><a href="#summary">back to summary</a></p><h3 id="m23">com.propine.qa.testcases.TC_FUNC_0002_VerifyAdditionOfTwoNegativeIntegerNumbersTest#TC_FUNC_0002_verifyAdditionOfTwoNegativeIntegerNumbersTest</h3><table class="result"><tr class="param"><th>Parameter #1</th><th>Parameter #2</th><th>Parameter #3</th></tr><tr class="param stripe"><td>-10.0</td><td>-20.0</td><td>-30.0</td></tr></table><p class="totop"><a href="#summary">back to summary</a></p><h3 id="m24">com.propine.qa.testcases.TC_FUNC_0003_VerifyAdditionOfTwoZeroNumbersTest#TC_FUNC_0003_verifyAdditionOfTwoZeroNumbersTest</h3><table class="result"><tr class="param"><th>Parameter #1</th><th>Parameter #2</th><th>Parameter #3</th></tr><tr class="param stripe"><td>0</td><td>0</td><td>0</td></tr></table><p class="totop"><a href="#summary">back to summary</a></p><h3 id="m25">com.propine.qa.testcases.TC_FUNC_0004_VerifyAdditionOfPositiveAndNegativeIntegerNumbersTest#TC_FUNC_0004_verifyAdditionOfPositiveAndNegativeIntegerNumbersTest</h3><table class="result"><tr class="param"><th>Parameter #1</th><th>Parameter #2</th><th>Parameter #3</th></tr><tr class="param stripe"><td>10.0</td><td>-20</td><td>-10</td></tr></table><p class="totop"><a href="#summary">back to summary</a></p><h3 id="m26">com.propine.qa.testcases.TC_FUNC_0005_VerifyAdditionOfNegativeAndPositiveIntegerNumbersTest#TC_FUNC_0005_verifyAdditionOfNegativeAndPositiveIntegerNumbersTest</h3><table class="result"><tr class="param"><th>Parameter #1</th><th>Parameter #2</th><th>Parameter #3</th></tr><tr class="param stripe"><td>-20</td><td>10</td><td>-10</td></tr></table><p class="totop"><a href="#summary">back to summary</a></p><h3 id="m27">com.propine.qa.testcases.TC_FUNC_0006_VerifyAdditionOfPositiveAndZeroIntegerNumbersTest#TC_FUNC_0006_verifyAdditionOfPositiveAndZeroIntegerNumbersTest</h3><table class="result"><tr class="param"><th>Parameter #1</th><th>Parameter #2</th><th>Parameter #3</th></tr><tr class="param stripe"><td>10.0</td><td>0</td><td>10</td></tr></table><p class="totop"><a href="#summary">back to summary</a></p><h3 id="m28">com.propine.qa.testcases.TC_FUNC_0007_VerifyAdditionOfNegativeAndZeroIntegerNumbersTest#TC_FUNC_0007_verifyAdditionOfNegativeAndZeroIntegerNumbersTest</h3><table class="result"><tr class="param"><th>Parameter #1</th><th>Parameter #2</th><th>Parameter #3</th></tr><tr class="param stripe"><td>-20</td><td>0</td><td>-20</td></tr></table><p class="totop"><a href="#summary">back to summary</a></p><h3 id="m29">com.propine.qa.testcases.TC_FUNC_0008_VerifyAdditionOfTwoZeroIntegerNumbersTest#TC_FUNC_0008_verifyAdditionOfTwoZeroIntegerNumbersTest</h3><table class="result"><tr class="param"><th>Parameter #1</th><th>Parameter #2</th><th>Parameter #3</th></tr><tr class="param stripe"><td>0</td><td>0</td><td>0</td></tr></table><p class="totop"><a href="#summary">back to summary</a></p><h3 id="m30">com.propine.qa.testcases.TC_FUNC_0009_VerifyAdditionOfTwoPositiveFloatNumbersTest#TC_FUNC_0009_verifyAdditionOfTwoPositiveFloatNumbersTest</h3><table class="result"><tr class="param"><th>Parameter #1</th><th>Parameter #2</th><th>Parameter #3</th></tr><tr class="param stripe"><td>10.04</td><td>10.02</td><td>20.06</td></tr></table><p class="totop"><a href="#summary">back to summary</a></p><h3 id="m31">com.propine.qa.testcases.TC_FUNC_0010_VerifyAdditionOfTwoNegativeFloatNumbersTest#TC_FUNC_0010_verifyAdditionOfTwoNegativeFloatNumbersTest</h3><table class="result"><tr class="param"><th>Parameter #1</th><th>Parameter #2</th><th>Parameter #3</th></tr><tr class="param stripe"><td>-10.04</td><td>-10.02</td><td>-20.06</td></tr></table><p class="totop"><a href="#summary">back to summary</a></p><h3 id="m32">com.propine.qa.testcases.TC_FUNC_0013_VerifyAdditionOfPositiveIntAndPositiveFloatNumbersTest#TC_FUNC_0013_verifyAdditionOfPositiveIntAndPositiveFloatNumbersTest</h3><table class="result"><tr class="param"><th>Parameter #1</th><th>Parameter #2</th><th>Parameter #3</th></tr><tr class="param stripe"><td>10</td><td>10.02</td><td>20.02</td></tr></table><p class="totop"><a href="#summary">back to summary</a></p><h3 id="m33">com.propine.qa.testcases.TC_FUNC_0014_VerifyAdditionOfPositiveFloatAndPositiveIntNumbersTest#TC_FUNC_0014_verifyAdditionOfPositiveFloatAndPositiveIntNumbersTest</h3><table class="result"><tr class="param"><th>Parameter #1</th><th>Parameter #2</th><th>Parameter #3</th></tr><tr class="param stripe"><td>10.02</td><td>10</td><td>20.02</td></tr></table><p class="totop"><a href="#summary">back to summary</a></p><h3 id="m34">com.propine.qa.testcases.TC_FUNC_0017_VerifyAdditionOfNegativeIntAndNegativeFloatNumbersTest#TC_FUNC_0017_verifyAdditionOfNegativeIntAndNegativeFloatNumbersTest</h3><table class="result"><tr class="param"><th>Parameter #1</th><th>Parameter #2</th><th>Parameter #3</th></tr><tr class="param stripe"><td>-10</td><td>-10.02</td><td>-20.02</td></tr></table><p class="totop"><a href="#summary">back to summary</a></p><h3 id="m35">com.propine.qa.testcases.TC_FUNC_0018_VerifyAdditionOfNegativeFloatAndNegativeIntNumbersTest#TC_FUNC_0018_verifyAdditionOfNegativeFloatAndNegativeIntNumbersTest</h3><table class="result"><tr class="param"><th>Parameter #1</th><th>Parameter #2</th><th>Parameter #3</th></tr><tr class="param stripe"><td>-10.02</td><td>-10</td><td>-20.02</td></tr></table><p class="totop"><a href="#summary">back to summary</a></p></body></html>