<?xml version="1.0" encoding="UTF-8"?>
<!-- Generated by org.testng.reporters.JUnitXMLReporter -->
<testsuite hostname="LAPTOP-HBBSHIBP" name="PROPINE Addition Calculator Test Cases" tests="36" failures="20" timestamp="26 Dec 2019 10:33:45 GMT" time="352.295" errors="0">
  <testcase name="TC_FIELD_0001_verifyFirstNumberForNumericValuesTest" time="0.238" classname="com.propine.qa.testcases.TC_FIELD_0001_VerifyFirstNumberForNumericValuesTest"/>
  <testcase name="TC_FIELD_0002_verifySecondNumberForNumericValuesTest" time="0.215" classname="com.propine.qa.testcases.TC_FIELD_0002_VerifySecondNumberForNumericValuesTest"/>
  <testcase name="TC_FIELD_0003_verifyFirstNumberForNonNumericValuesTest" time="0.262" classname="com.propine.qa.testcases.TC_FIELD_0003_VerifyFirstNumberForNonNumericValuesTest">
    <failure type="java.lang.AssertionError" message="Field verification for Non-Numeric Values - FAILED">
      <![CDATA[java.lang.AssertionError: Field verification for Non-Numeric Values - FAILED
	at com.propine.qa.testcases.TC_FIELD_0003_VerifyFirstNumberForNonNumericValuesTest.TC_FIELD_0003_verifyFirstNumberForNonNumericValuesTest(TC_FIELD_0003_VerifyFirstNumberForNonNumericValuesTest.java:41)
... Removed 26 stack frames]]>
    </failure>
  </testcase> <!-- TC_FIELD_0003_verifyFirstNumberForNonNumericValuesTest -->
  <testcase name="TC_FIELD_0004_verifySecondNumberForNonNumericValuesTest" time="3.211" classname="com.propine.qa.testcases.TC_FIELD_0004_VerifySecondNumberForNonNumericValuesTest">
    <failure type="java.lang.AssertionError" message="Field verification for Non-Numeric Values - FAILED">
      <![CDATA[java.lang.AssertionError: Field verification for Non-Numeric Values - FAILED
	at com.propine.qa.testcases.TC_FIELD_0004_VerifySecondNumberForNonNumericValuesTest.TC_FIELD_0004_verifySecondNumberForNonNumericValuesTest(TC_FIELD_0004_VerifySecondNumberForNonNumericValuesTest.java:41)
... Removed 26 stack frames]]>
    </failure>
  </testcase> <!-- TC_FIELD_0004_verifySecondNumberForNonNumericValuesTest -->
  <testcase name="TC_FUNC_0001_verifyAdditionOfTwoPositiveIntegerNumbersTest" time="3.345" classname="com.propine.qa.testcases.TC_FUNC_0001_VerifyAdditionOfTwoPositiveIntegerNumbersTest"/>
  <testcase name="TC_FUNC_0002_verifyAdditionOfTwoNegativeIntegerNumbersTest" time="3.242" classname="com.propine.qa.testcases.TC_FUNC_0002_VerifyAdditionOfTwoNegativeIntegerNumbersTest"/>
  <testcase name="TC_FUNC_0003_verifyAdditionOfTwoZeroNumbersTest" time="3.404" classname="com.propine.qa.testcases.TC_FUNC_0003_VerifyAdditionOfTwoZeroNumbersTest"/>
  <testcase name="TC_FUNC_0004_verifyAdditionOfPositiveAndNegativeIntegerNumbersTest" time="3.264" classname="com.propine.qa.testcases.TC_FUNC_0004_VerifyAdditionOfPositiveAndNegativeIntegerNumbersTest"/>
  <testcase name="TC_FUNC_0005_verifyAdditionOfNegativeAndPositiveIntegerNumbersTest" time="3.213" classname="com.propine.qa.testcases.TC_FUNC_0005_VerifyAdditionOfNegativeAndPositiveIntegerNumbersTest"/>
  <testcase name="TC_FUNC_0006_verifyAdditionOfPositiveAndZeroIntegerNumbersTest" time="3.394" classname="com.propine.qa.testcases.TC_FUNC_0006_VerifyAdditionOfPositiveAndZeroIntegerNumbersTest"/>
  <testcase name="TC_FUNC_0007_verifyAdditionOfNegativeAndZeroIntegerNumbersTest" time="3.243" classname="com.propine.qa.testcases.TC_FUNC_0007_VerifyAdditionOfNegativeAndZeroIntegerNumbersTest"/>
  <testcase name="TC_FUNC_0008_verifyAdditionOfTwoZeroIntegerNumbersTest" time="3.224" classname="com.propine.qa.testcases.TC_FUNC_0008_VerifyAdditionOfTwoZeroIntegerNumbersTest"/>
  <testcase name="TC_FUNC_0009_verifyAdditionOfTwoPositiveFloatNumbersTest" time="3.382" classname="com.propine.qa.testcases.TC_FUNC_0009_VerifyAdditionOfTwoPositiveFloatNumbersTest"/>
  <testcase name="TC_FUNC_0010_verifyAdditionOfTwoNegativeFloatNumbersTest" time="3.661" classname="com.propine.qa.testcases.TC_FUNC_0010_VerifyAdditionOfTwoNegativeFloatNumbersTest"/>
  <testcase name="TC_FUNC_0011_verifyAdditionOfPositiveAndNegativeFloatNumbersTest" time="3.268" classname="com.propine.qa.testcases.TC_FUNC_0011_VerifyAdditionOfPositiveAndNegativeFloatNumbersTest">
    <failure type="java.lang.AssertionError" message="Addition of positive and negative float numbers - FAILED expected [0.02] but found [0.019999999999999574]">
      <![CDATA[java.lang.AssertionError: Addition of positive and negative float numbers - FAILED expected [0.02] but found [0.019999999999999574]
	at com.propine.qa.testcases.TC_FUNC_0011_VerifyAdditionOfPositiveAndNegativeFloatNumbersTest.TC_FUNC_0011_verifyAdditionOfPositiveAndNegativeFloatNumbersTest(TC_FUNC_0011_VerifyAdditionOfPositiveAndNegativeFloatNumbersTest.java:41)
... Removed 28 stack frames]]>
    </failure>
  </testcase> <!-- TC_FUNC_0011_verifyAdditionOfPositiveAndNegativeFloatNumbersTest -->
  <testcase name="TC_FUNC_0012_verifyAdditionOfNegativeAndPositiveFloatNumbersTest" time="3.271" classname="com.propine.qa.testcases.TC_FUNC_0012_VerifyAdditionOfNegativeAndPositiveFloatNumbersTest">
    <failure type="java.lang.AssertionError" message="Addition of negative and positive float numbers - FAILED expected [-0.02] but found [-0.019999999999999574]">
      <![CDATA[java.lang.AssertionError: Addition of negative and positive float numbers - FAILED expected [-0.02] but found [-0.019999999999999574]
	at com.propine.qa.testcases.TC_FUNC_0012_VerifyAdditionOfNegativeAndPositiveFloatNumbersTest.TC_FUNC_0012_verifyAdditionOfNegativeAndPositiveFloatNumbersTest(TC_FUNC_0012_VerifyAdditionOfNegativeAndPositiveFloatNumbersTest.java:41)
... Removed 28 stack frames]]>
    </failure>
  </testcase> <!-- TC_FUNC_0012_verifyAdditionOfNegativeAndPositiveFloatNumbersTest -->
  <testcase name="TC_FUNC_0013_verifyAdditionOfPositiveIntAndPositiveFloatNumbersTest" time="3.254" classname="com.propine.qa.testcases.TC_FUNC_0013_VerifyAdditionOfPositiveIntAndPositiveFloatNumbersTest"/>
  <testcase name="TC_FUNC_0014_verifyAdditionOfPositiveFloatAndPositiveIntNumbersTest" time="3.229" classname="com.propine.qa.testcases.TC_FUNC_0014_VerifyAdditionOfPositiveFloatAndPositiveIntNumbersTest"/>
  <testcase name="TC_FUNC_0015_verifyAdditionOfNegativeIntAndPositiveFloatNumbersTest" time="3.239" classname="com.propine.qa.testcases.TC_FUNC_0015_VerifyAdditionOfNegativeIntAndPositiveFloatNumbersTest">
    <failure type="java.lang.AssertionError" message="Addition of negative integer and positive float numbers - FAILED expected [0.02] but found [0.019999999999999574]">
      <![CDATA[java.lang.AssertionError: Addition of negative integer and positive float numbers - FAILED expected [0.02] but found [0.019999999999999574]
	at com.propine.qa.testcases.TC_FUNC_0015_VerifyAdditionOfNegativeIntAndPositiveFloatNumbersTest.TC_FUNC_0015_verifyAdditionOfNegativeIntAndPositiveFloatNumbersTest(TC_FUNC_0015_VerifyAdditionOfNegativeIntAndPositiveFloatNumbersTest.java:41)
... Removed 28 stack frames]]>
    </failure>
  </testcase> <!-- TC_FUNC_0015_verifyAdditionOfNegativeIntAndPositiveFloatNumbersTest -->
  <testcase name="TC_FUNC_0016_verifyAdditionOfNegativeFloatAndPositiveIntNumbersTest" time="3.109" classname="com.propine.qa.testcases.TC_FUNC_0016_VerifyAdditionOfNegativeFloatAndPositiveIntNumbersTest">
    <failure type="java.lang.AssertionError" message="Addition of negative float and positive integer numbers - FAILED expected [-0.015] but found [-0.015000000000000568]">
      <![CDATA[java.lang.AssertionError: Addition of negative float and positive integer numbers - FAILED expected [-0.015] but found [-0.015000000000000568]
	at com.propine.qa.testcases.TC_FUNC_0016_VerifyAdditionOfNegativeFloatAndPositiveIntNumbersTest.TC_FUNC_0016_verifyAdditionOfNegativeFloatAndPositiveIntNumbersTest(TC_FUNC_0016_VerifyAdditionOfNegativeFloatAndPositiveIntNumbersTest.java:41)
... Removed 28 stack frames]]>
    </failure>
  </testcase> <!-- TC_FUNC_0016_verifyAdditionOfNegativeFloatAndPositiveIntNumbersTest -->
  <testcase name="TC_FUNC_0017_verifyAdditionOfNegativeIntAndNegativeFloatNumbersTest" time="3.241" classname="com.propine.qa.testcases.TC_FUNC_0017_VerifyAdditionOfNegativeIntAndNegativeFloatNumbersTest"/>
  <testcase name="TC_FUNC_0018_verifyAdditionOfNegativeFloatAndNegativeIntNumbersTest" time="3.16" classname="com.propine.qa.testcases.TC_FUNC_0018_VerifyAdditionOfNegativeFloatAndNegativeIntNumbersTest"/>
  <testcase name="TC_FUNC_0019_verifyAdditionOfTwoPositiveFloatNumbersWithDiffDecimalsTest" time="3.185" classname="com.propine.qa.testcases.TC_FUNC_0019_VerifyAdditionOfTwoPositiveFloatNumbersWithDiffDecimalsTest">
    <failure type="java.lang.AssertionError" message="Addition of two positive float numbers with different decimals - FAILED expected [6.0011] but found [6.001099999999999]">
      <![CDATA[java.lang.AssertionError: Addition of two positive float numbers with different decimals - FAILED expected [6.0011] but found [6.001099999999999]
	at com.propine.qa.testcases.TC_FUNC_0019_VerifyAdditionOfTwoPositiveFloatNumbersWithDiffDecimalsTest.TC_FUNC_0019_verifyAdditionOfTwoPositiveFloatNumbersWithDiffDecimalsTest(TC_FUNC_0019_VerifyAdditionOfTwoPositiveFloatNumbersWithDiffDecimalsTest.java:41)
... Removed 28 stack frames]]>
    </failure>
  </testcase> <!-- TC_FUNC_0019_verifyAdditionOfTwoPositiveFloatNumbersWithDiffDecimalsTest -->
  <testcase name="TC_FUNC_0020_verifyAdditionOfTwoNegativeFloatNumbersWithDiffDecimalsTest" time="3.309" classname="com.propine.qa.testcases.TC_FUNC_0020_VerifyAdditionOfTwoNegativeFloatNumbersWithDiffDecimalsTest">
    <failure type="java.lang.AssertionError" message="Addition of two positive float numbers with different decimals - FAILED expected [-14.0082] but found [-14.008199999999999]">
      <![CDATA[java.lang.AssertionError: Addition of two positive float numbers with different decimals - FAILED expected [-14.0082] but found [-14.008199999999999]
	at com.propine.qa.testcases.TC_FUNC_0020_VerifyAdditionOfTwoNegativeFloatNumbersWithDiffDecimalsTest.TC_FUNC_0020_verifyAdditionOfTwoNegativeFloatNumbersWithDiffDecimalsTest(TC_FUNC_0020_VerifyAdditionOfTwoNegativeFloatNumbersWithDiffDecimalsTest.java:41)
... Removed 28 stack frames]]>
    </failure>
  </testcase> <!-- TC_FUNC_0020_verifyAdditionOfTwoNegativeFloatNumbersWithDiffDecimalsTest -->
  <testcase name="TC_FUNC_0021_verifyErrorMessageForNullValueForFirstNumberTest" time="2.88" classname="com.propine.qa.testcases.TC_FUNC_0021_VerifyErrorMessageForNullValueForFirstNumberTest">
    <failure type="java.lang.AssertionError" message="Error Message verification for null value for First Number - FAILED expected [Enter valid numeric or float value for First Number] but found [NaN]">
      <![CDATA[java.lang.AssertionError: Error Message verification for null value for First Number - FAILED expected [Enter valid numeric or float value for First Number] but found [NaN]
	at com.propine.qa.testcases.TC_FUNC_0021_VerifyErrorMessageForNullValueForFirstNumberTest.TC_FUNC_0021_verifyErrorMessageForNullValueForFirstNumberTest(TC_FUNC_0021_VerifyErrorMessageForNullValueForFirstNumberTest.java:40)
... Removed 28 stack frames]]>
    </failure>
  </testcase> <!-- TC_FUNC_0021_verifyErrorMessageForNullValueForFirstNumberTest -->
  <testcase name="TC_FUNC_0022_verifyErrorMessageForNullValueForSecondNumberTest" time="3.069" classname="com.propine.qa.testcases.TC_FUNC_0022_VerifyErrorMessageForNullValueForSecondNumberTest">
    <failure type="java.lang.AssertionError" message="Error Message verification for null value for Second Number - FAILED expected [Enter valid numeric or float value for Second Number] but found [NaN]">
      <![CDATA[java.lang.AssertionError: Error Message verification for null value for Second Number - FAILED expected [Enter valid numeric or float value for Second Number] but found [NaN]
	at com.propine.qa.testcases.TC_FUNC_0022_VerifyErrorMessageForNullValueForSecondNumberTest.TC_FUNC_0022_verifyErrorMessageForNullValueForSecondNumberTest(TC_FUNC_0022_VerifyErrorMessageForNullValueForSecondNumberTest.java:40)
... Removed 28 stack frames]]>
    </failure>
  </testcase> <!-- TC_FUNC_0022_verifyErrorMessageForNullValueForSecondNumberTest -->
  <testcase name="TC_FUNC_0023_verifyErrorMessageForNullValueForSecondNumberTest" time="2.916" classname="com.propine.qa.testcases.TC_FUNC_0023_VerifyErrorMessageForNullValuesForFirstNumberAndSecondNumberTest">
    <failure type="java.lang.AssertionError" message="Error Message verification for null value for First Number - FAILED expected [true] but found [false]">
      <![CDATA[java.lang.AssertionError: Error Message verification for null value for First Number - FAILED expected [true] but found [false]
	at com.propine.qa.testcases.TC_FUNC_0023_VerifyErrorMessageForNullValuesForFirstNumberAndSecondNumberTest.TC_FUNC_0023_verifyErrorMessageForNullValueForSecondNumberTest(TC_FUNC_0023_VerifyErrorMessageForNullValuesForFirstNumberAndSecondNumberTest.java:41)
... Removed 27 stack frames]]>
    </failure>
  </testcase> <!-- TC_FUNC_0023_verifyErrorMessageForNullValueForSecondNumberTest -->
  <testcase name="TC_FUNC_0024_verifyErrorMessageForNonNumericValueForFirstNumberTest" time="3.156" classname="com.propine.qa.testcases.TC_FUNC_0024_VerifyErrorMessageForNonNumericValueForFirstNumberTest">
    <failure type="java.lang.AssertionError" message="Error Message verification for non-numeric value for First Number - FAILED expected [Enter valid numeric or float value for First Number] but found [NaN]">
      <![CDATA[java.lang.AssertionError: Error Message verification for non-numeric value for First Number - FAILED expected [Enter valid numeric or float value for First Number] but found [NaN]
	at com.propine.qa.testcases.TC_FUNC_0024_VerifyErrorMessageForNonNumericValueForFirstNumberTest.TC_FUNC_0024_verifyErrorMessageForNonNumericValueForFirstNumberTest(TC_FUNC_0024_VerifyErrorMessageForNonNumericValueForFirstNumberTest.java:40)
... Removed 28 stack frames]]>
    </failure>
  </testcase> <!-- TC_FUNC_0024_verifyErrorMessageForNonNumericValueForFirstNumberTest -->
  <testcase name="TC_FUNC_0025_verifyErrorMessageForNonNumericValueForSecondNumberTest" time="3.156" classname="com.propine.qa.testcases.TC_FUNC_0025_VerifyErrorMessageForNonNumericValueForSecondNumberTest">
    <failure type="java.lang.AssertionError" message="Error Message verification for non-numeric value for Second Number - FAILED expected [Enter valid numeric or float value for Second Number] but found [NaN]">
      <![CDATA[java.lang.AssertionError: Error Message verification for non-numeric value for Second Number - FAILED expected [Enter valid numeric or float value for Second Number] but found [NaN]
	at com.propine.qa.testcases.TC_FUNC_0025_VerifyErrorMessageForNonNumericValueForSecondNumberTest.TC_FUNC_0025_verifyErrorMessageForNonNumericValueForSecondNumberTest(TC_FUNC_0025_VerifyErrorMessageForNonNumericValueForSecondNumberTest.java:40)
... Removed 28 stack frames]]>
    </failure>
  </testcase> <!-- TC_FUNC_0025_verifyErrorMessageForNonNumericValueForSecondNumberTest -->
  <testcase name="TC_FUNC_0026_verifyErrorMessageForNonNumericValueForFirstNumberAndSecondNumberTest" time="3.291" classname="com.propine.qa.testcases.TC_FUNC_0026_VerifyErrorMessageForNonNumericValueForFirstNumberAndSecondNumberTest">
    <failure type="java.lang.AssertionError" message="Error Message verification for non-numeric value for First Number - FAILED expected [true] but found [false]">
      <![CDATA[java.lang.AssertionError: Error Message verification for non-numeric value for First Number - FAILED expected [true] but found [false]
	at com.propine.qa.testcases.TC_FUNC_0026_VerifyErrorMessageForNonNumericValueForFirstNumberAndSecondNumberTest.TC_FUNC_0026_verifyErrorMessageForNonNumericValueForFirstNumberAndSecondNumberTest(TC_FUNC_0026_VerifyErrorMessageForNonNumericValueForFirstNumberAndSecondNumberTest.java:41)
... Removed 27 stack frames]]>
    </failure>
  </testcase> <!-- TC_FUNC_0026_verifyErrorMessageForNonNumericValueForFirstNumberAndSecondNumberTest -->
  <testcase name="TC_FUNC_0027_verifyErrorMessageForAlphaNumericValueForFirstNumberTest" time="3.156" classname="com.propine.qa.testcases.TC_FUNC_0027_VerifyErrorMessageForAlphaNumericValueForFirstNumberTest">
    <failure type="java.lang.AssertionError" message="Error Message verification for alpha-numeric value for First Number - FAILED expected [Enter valid numeric or float value for First Number] but found [11]">
      <![CDATA[java.lang.AssertionError: Error Message verification for alpha-numeric value for First Number - FAILED expected [Enter valid numeric or float value for First Number] but found [11]
	at com.propine.qa.testcases.TC_FUNC_0027_VerifyErrorMessageForAlphaNumericValueForFirstNumberTest.TC_FUNC_0027_verifyErrorMessageForAlphaNumericValueForFirstNumberTest(TC_FUNC_0027_VerifyErrorMessageForAlphaNumericValueForFirstNumberTest.java:40)
... Removed 28 stack frames]]>
    </failure>
  </testcase> <!-- TC_FUNC_0027_verifyErrorMessageForAlphaNumericValueForFirstNumberTest -->
  <testcase name="TC_FUNC_0028_verifyErrorMessageForAlphaNumericValueForSecondNumberTest" time="3.106" classname="com.propine.qa.testcases.TC_FUNC_0028_VerifyErrorMessageForAlphaNumericValueForSecondNumberTest">
    <failure type="java.lang.AssertionError" message="Error Message verification for alpha-numeric value for Second Number - FAILED expected [Enter valid numeric or float value for Second Number] but found [NaN]">
      <![CDATA[java.lang.AssertionError: Error Message verification for alpha-numeric value for Second Number - FAILED expected [Enter valid numeric or float value for Second Number] but found [NaN]
	at com.propine.qa.testcases.TC_FUNC_0028_VerifyErrorMessageForAlphaNumericValueForSecondNumberTest.TC_FUNC_0028_verifyErrorMessageForAlphaNumericValueForSecondNumberTest(TC_FUNC_0028_VerifyErrorMessageForAlphaNumericValueForSecondNumberTest.java:40)
... Removed 28 stack frames]]>
    </failure>
  </testcase> <!-- TC_FUNC_0028_verifyErrorMessageForAlphaNumericValueForSecondNumberTest -->
  <testcase name="TC_FUNC_0029_verifyErrorMessageForAlphaNumericValueForFirstNumberAndSecondNumberTest" time="3.159" classname="com.propine.qa.testcases.TC_FUNC_0029_VerifyErrorMessageForAlphaNumericValueForFirstNumberAndSecondNumberTest">
    <failure type="java.lang.AssertionError" message="Error Message verification for alpha-numeric value for First Number - FAILED expected [true] but found [false]">
      <![CDATA[java.lang.AssertionError: Error Message verification for alpha-numeric value for First Number - FAILED expected [true] but found [false]
	at com.propine.qa.testcases.TC_FUNC_0029_VerifyErrorMessageForAlphaNumericValueForFirstNumberAndSecondNumberTest.TC_FUNC_0029_verifyErrorMessageForAlphaNumericValueForFirstNumberAndSecondNumberTest(TC_FUNC_0029_VerifyErrorMessageForAlphaNumericValueForFirstNumberAndSecondNumberTest.java:41)
... Removed 27 stack frames]]>
    </failure>
  </testcase> <!-- TC_FUNC_0029_verifyErrorMessageForAlphaNumericValueForFirstNumberAndSecondNumberTest -->
  <testcase name="TC_FUNC_0030_verifyErrorMessageForNumericValueWithSpaceForFirstNumberTest" time="3.082" classname="com.propine.qa.testcases.TC_FUNC_0030_VerifyErrorMessageForNumericValueWithSpaceForFirstNumberTest">
    <failure type="java.lang.AssertionError" message="Error Message verification for numeric value with space for First Number - FAILED expected [Enter valid numeric or float value for First Number] but found [15]">
      <![CDATA[java.lang.AssertionError: Error Message verification for numeric value with space for First Number - FAILED expected [Enter valid numeric or float value for First Number] but found [15]
	at com.propine.qa.testcases.TC_FUNC_0030_VerifyErrorMessageForNumericValueWithSpaceForFirstNumberTest.TC_FUNC_0030_verifyErrorMessageForNumericValueWithSpaceForFirstNumberTest(TC_FUNC_0030_VerifyErrorMessageForNumericValueWithSpaceForFirstNumberTest.java:40)
... Removed 28 stack frames]]>
    </failure>
  </testcase> <!-- TC_FUNC_0030_verifyErrorMessageForNumericValueWithSpaceForFirstNumberTest -->
  <testcase name="TC_FUNC_0031_verifyErrorMessageForNumericValueWithSpaceForSecondNumberTest" time="3.247" classname="com.propine.qa.testcases.TC_FUNC_0031_VerifyErrorMessageForNumericValueWithSpaceForSecondNumberTest">
    <failure type="java.lang.AssertionError" message="Error Message verification for numeric value with space for Second Number - FAILED expected [Enter valid numeric or float value for Second Number] but found [12]">
      <![CDATA[java.lang.AssertionError: Error Message verification for numeric value with space for Second Number - FAILED expected [Enter valid numeric or float value for Second Number] but found [12]
	at com.propine.qa.testcases.TC_FUNC_0031_VerifyErrorMessageForNumericValueWithSpaceForSecondNumberTest.TC_FUNC_0031_verifyErrorMessageForNumericValueWithSpaceForSecondNumberTest(TC_FUNC_0031_VerifyErrorMessageForNumericValueWithSpaceForSecondNumberTest.java:40)
... Removed 28 stack frames]]>
    </failure>
  </testcase> <!-- TC_FUNC_0031_verifyErrorMessageForNumericValueWithSpaceForSecondNumberTest -->
  <testcase name="TC_FUNC_0032_verifyErrorMessageForNumericValueWithSpaceForFirstNumberAndSecondNumberTest" time="3.832" classname="com.propine.qa.testcases.TC_FUNC_0032_VerifyErrorMessageForNumericValueWithSpaceForFirstNumberAndSecondNumberTest">
    <failure type="java.lang.AssertionError" message="Error Message verification for numeric value with space for First Number - FAILED expected [true] but found [false]">
      <![CDATA[java.lang.AssertionError: Error Message verification for numeric value with space for First Number - FAILED expected [true] but found [false]
	at com.propine.qa.testcases.TC_FUNC_0032_VerifyErrorMessageForNumericValueWithSpaceForFirstNumberAndSecondNumberTest.TC_FUNC_0032_verifyErrorMessageForNumericValueWithSpaceForFirstNumberAndSecondNumberTest(TC_FUNC_0032_VerifyErrorMessageForNumericValueWithSpaceForFirstNumberAndSecondNumberTest.java:41)
... Removed 27 stack frames]]>
    </failure>
  </testcase> <!-- TC_FUNC_0032_verifyErrorMessageForNumericValueWithSpaceForFirstNumberAndSecondNumberTest -->
</testsuite> <!-- PROPINE Addition Calculator Test Cases -->
